[00:11:22] [Server thread/INFO]: Zapallin57 was blown up by Creeper
[00:12:06] [Server thread/INFO]: Zapallin57 teleported to -977.5 -31.0 1695.5 minecraft:overworld
[00:14:51] [Server thread/INFO]: [Zapallin57: Gave 7000 experience points to Zapallin57]
[00:16:07] [Server thread/INFO]: [Zapallin57: Gamerule keepInventory is now set to: true]
[00:19:17] [Server thread/INFO]: [Zapallin57: Gave 2 [Stick] to Zapallin57]
[00:19:39] [Server thread/INFO]: PIXULAGRANDE fell from a high place
[00:20:59] [Server thread/INFO]: Zapallin57 fell from a high place
[00:34:14] [Server thread/INFO]: Zapallin57 lost connection: Disconnected
[00:34:14] [Server thread/INFO]: Zapallin57 left the game
[01:25:48] [Server thread/INFO]: PIXULAGRANDE lost connection: Disconnected
[01:25:48] [Server thread/INFO]: PIXULAGRANDE left the game
[01:26:48] [Server thread/INFO]: Server empty for 60 seconds, pausing
[01:27:47] [Server thread/INFO]: Stopping the server
[01:27:47] [Server thread/INFO]: Stopping server
[01:27:47] [Server thread/INFO]: Saving players
[01:27:47] [Server thread/INFO]: Saving worlds
[01:27:47] [Server thread/INFO]: Saving chunks for level 'ServerLevel[world]'/minecraft:overworld
[01:27:47] [Server thread/INFO]: Saving chunks for level 'ServerLevel[world]'/minecraft:the_nether
[01:27:47] [Server thread/INFO]: Saving chunks for level 'ServerLevel[world]'/minecraft:the_end
[01:27:47] [Server thread/INFO]: ThreadedAnvilChunkStorage (world): All chunks are saved
[01:27:47] [Server thread/INFO]: ThreadedAnvilChunkStorage (DIM-1): All chunks are saved
[01:27:47] [Server thread/INFO]: ThreadedAnvilChunkStorage (DIM1): All chunks are saved
[01:27:47] [Server thread/INFO]: ThreadedAnvilChunkStorage: All dimensions are saved
